#-----------------------------------------------------------
# Vivado v2024.2.1 (64-bit)
# SW Build 5266912 on Sun Dec 15 09:03:24 MST 2024
# IP Build 5264866 on Sun Dec 15 16:27:47 MST 2024
# SharedData Build 5264680 on Wed Dec 11 12:48:36 MST 2024
# Start of session at: Tue Apr 15 17:05:14 2025
# Process ID         : 5896
# Current directory  : F:/HDLProjects/5GAKA
# Command line       : vivado.exe -gui_launcher_event rodinguilauncherevent13020 F:\HDLProjects\5GAKA\5GAKA.xpr
# Log file           : F:/HDLProjects/5GAKA/vivado.log
# Journal file       : F:/HDLProjects/5GAKA\vivado.jou
# Running On         : Ifestos2
# Platform           : Windows Server 2016 or Windows 10
# Operating System   : 19045
# Processor Detail   : Intel(R) Core(TM) i7 CPU         970  @ 3.20GHz
# CPU Frequency      : 3208 MHz
# CPU Physical cores : 6
# CPU Logical cores  : 12
# Host memory        : 12875 MB
# Swap memory        : 1946 MB
# Total Virtual      : 14821 MB
# Available Virtual  : 6199 MB
#-----------------------------------------------------------
start_gui
open_project F:/HDLProjects/5GAKA/5GAKA.xpr
WARNING: [Board 49-26] cannot add Board Part xilinx.com:zcu208ld:part0:2.0 available at C:/Xilinx/Vivado/2024.2/data/xhub/boards/XilinxBoardStore/boards/Xilinx/zcu208ld/production/2.0/board.xml as part xczu58dr-fsvg1517-2-i specified in board_part file is either invalid or not available
WARNING: [Board 49-26] cannot add Board Part xilinx.com:zcu216ld:part0:2.0 available at C:/Xilinx/Vivado/2024.2/data/xhub/boards/XilinxBoardStore/boards/Xilinx/zcu216ld/production/2.0/board.xml as part xczu59dr-ffvf1760-2-i specified in board_part file is either invalid or not available
WARNING: [Board 49-26] cannot add Board Part xilinx.com:zcu670ld:part0:1.0 available at C:/Xilinx/Vivado/2024.2/data/xhub/boards/XilinxBoardStore/boards/Xilinx/zcu670ld/1.0/board.xml as part xczu57dr-fsve1156-2-i specified in board_part file is either invalid or not available
INFO: [filemgmt 56-3] Default IP Output Path : Could not find the directory 'F:/HDLProjects/5GAKA/5GAKA.gen/sources_1'.
Scanning sources...
Finished scanning sources
INFO: [IP_Flow 19-234] Refreshing IP repositories
INFO: [IP_Flow 19-1704] No user IP repositories specified
INFO: [IP_Flow 19-2313] Loaded Vivado IP repository 'C:/Xilinx/Vivado/2024.2/data/ip'.
open_project: Time (s): cpu = 00:00:36 ; elapsed = 00:00:17 . Memory (MB): peak = 1602.668 ; gain = 384.066
update_compile_order -fileset sources_1
exit
INFO: [Common 17-206] Exiting Vivado at Tue Apr 15 17:12:54 2025...
